  BussCabin.cpp
  BussTicket.cpp
G:\ticket reservation system\Ticket-reservation-system\CppCLR_WinForms_GUI2\CppCLR_WinForms_GUI2\Ticket.h(6,11): warning C4570: 'Ticket': is not explicitly declared as abstract but has abstract functions
  (compiling source file '/BussTicket.cpp')
      G:\ticket reservation system\Ticket-reservation-system\CppCLR_WinForms_GUI2\CppCLR_WinForms_GUI2\Ticket.h(6,11):
      'void Ticket::generateTicketId(void)': is abstract
      G:\ticket reservation system\Ticket-reservation-system\CppCLR_WinForms_GUI2\CppCLR_WinForms_GUI2\Ticket.h(14,15):
      see declaration of 'Ticket::generateTicketId'
  
  Cabin.cpp
  EcoCabin.cpp
  EcoTicket.cpp
G:\ticket reservation system\Ticket-reservation-system\CppCLR_WinForms_GUI2\CppCLR_WinForms_GUI2\Ticket.h(6,11): warning C4570: 'Ticket': is not explicitly declared as abstract but has abstract functions
  (compiling source file '/EcoTicket.cpp')
      G:\ticket reservation system\Ticket-reservation-system\CppCLR_WinForms_GUI2\CppCLR_WinForms_GUI2\Ticket.h(6,11):
      'void Ticket::generateTicketId(void)': is abstract
      G:\ticket reservation system\Ticket-reservation-system\CppCLR_WinForms_GUI2\CppCLR_WinForms_GUI2\Ticket.h(14,15):
      see declaration of 'Ticket::generateTicketId'
  
  Ticket.cpp
G:\ticket reservation system\Ticket-reservation-system\CppCLR_WinForms_GUI2\CppCLR_WinForms_GUI2\Ticket.h(6,11): warning C4570: 'Ticket': is not explicitly declared as abstract but has abstract functions
  (compiling source file '/Ticket.cpp')
      G:\ticket reservation system\Ticket-reservation-system\CppCLR_WinForms_GUI2\CppCLR_WinForms_GUI2\Ticket.h(6,11):
      'void Ticket::generateTicketId(void)': is abstract
      G:\ticket reservation system\Ticket-reservation-system\CppCLR_WinForms_GUI2\CppCLR_WinForms_GUI2\Ticket.h(14,15):
      see declaration of 'Ticket::generateTicketId'
  
  Generating Code...
  AssemblyInfo.obj : MSIL module encountered; incremental linking is disabled for MSIL; performing full link
  CppCLR_WinForms_GUI2.vcxproj -> G:\ticket reservation system\Ticket-reservation-system\CppCLR_WinForms_GUI2\x64\Debug\CppCLR_WinForms_GUI2.exe
