c:\users\sp24-bscs-0001\downloads\ooptest1\cppclr_winforms_gui2\cppclr_winforms_gui2\x64\debug\cppclr_winforms_gui2.pch
c:\users\sp24-bscs-0001\downloads\ooptest1\cppclr_winforms_gui2\cppclr_winforms_gui2\x64\debug\vc143.pdb
c:\users\sp24-bscs-0001\downloads\ooptest1\cppclr_winforms_gui2\cppclr_winforms_gui2\x64\debug\pch.obj
c:\users\sp24-bscs-0001\downloads\ooptest1\cppclr_winforms_gui2\cppclr_winforms_gui2\x64\debug\form1.obj
c:\users\sp24-bscs-0001\downloads\ooptest1\cppclr_winforms_gui2\cppclr_winforms_gui2\x64\debug\cppclr_winformsproject.obj
c:\users\sp24-bscs-0001\downloads\ooptest1\cppclr_winforms_gui2\cppclr_winforms_gui2\x64\debug\assemblyinfo.obj
c:\users\sp24-bscs-0001\downloads\ooptest1\cppclr_winforms_gui2\cppclr_winforms_gui2\x64\debug\.netframework,version=v4.7.2.assemblyattributes.obj
c:\users\lenovo\desktop\project\ticket-reservation-system\cppclr_winforms_gui2\cppclr_winforms_gui2\x64\debug\cppclr_winforms_gui2.pch
c:\users\lenovo\desktop\project\ticket-reservation-system\cppclr_winforms_gui2\cppclr_winforms_gui2\x64\debug\vc143.pdb
c:\users\lenovo\desktop\project\ticket-reservation-system\cppclr_winforms_gui2\cppclr_winforms_gui2\x64\debug\pch.obj
c:\users\sp24-bscs-0001\downloads\ooptest1\cppclr_winforms_gui2\x64\debug\cppclr_winforms_gui2.exe
c:\users\sp24-bscs-0001\downloads\ooptest1\cppclr_winforms_gui2\x64\debug\cppclr_winforms_gui2.pdb
c:\users\sp24-bscs-0001\downloads\ooptest1\cppclr_winforms_gui2\cppclr_winforms_gui2\x64\debug\app.res
c:\users\lenovo\desktop\project\ticket-reservation-system\cppclr_winforms_gui2\cppclr_winforms_gui2\x64\debug\cppclr_winforms_gui2.vcxproj.assemblyreference.cache
c:\users\lenovo\desktop\project\ticket-reservation-system\cppclr_winforms_gui2\cppclr_winforms_gui2\x64\debug\cppclr_winforms_gui2.vcxproj.generateresource.cache
c:\users\lenovo\desktop\project\ticket-reservation-system\cppclr_winforms_gui2\cppclr_winforms_gui2\x64\debug\.netframework,version=v4.7.2.assemblyattributes.obj
c:\users\lenovo\desktop\project\ticket-reservation-system\cppclr_winforms_gui2\cppclr_winforms_gui2\x64\debug\assemblyinfo.obj
c:\users\lenovo\desktop\project\ticket-reservation-system\cppclr_winforms_gui2\cppclr_winforms_gui2\x64\debug\cppclr_winformsproject.obj
c:\users\lenovo\desktop\project\ticket-reservation-system\cppclr_winforms_gui2\cppclr_winforms_gui2\x64\debug\customer.obj
c:\users\lenovo\desktop\project\ticket-reservation-system\cppclr_winforms_gui2\cppclr_winforms_gui2\x64\debug\economycustomer.obj
c:\users\lenovo\desktop\project\ticket-reservation-system\cppclr_winforms_gui2\cppclr_winforms_gui2\x64\debug\form1.obj
c:\users\lenovo\desktop\project\ticket-reservation-system\cppclr_winforms_gui2\cppclr_winforms_gui2\x64\debug\person.obj
c:\users\lenovo\desktop\project\ticket-reservation-system\cppclr_winforms_gui2\cppclr_winforms_gui2\x64\debug\cppclr_winforms_gui2.form1.resources
c:\users\lenovo\desktop\project\ticket-reservation-system\cppclr_winforms_gui2\cppclr_winforms_gui2\x64\debug\app.res
c:\users\lenovo\desktop\project\ticket-reservation-system\cppclr_winforms_gui2\x64\debug\cppclr_winforms_gui2.pdb
c:\users\lenovo\desktop\project\ticket-reservation-system\cppclr_winforms_gui2\x64\debug\cppclr_winforms_gui2.exe
c:\users\lenovo\desktop\project\ticket-reservation-system\cppclr_winforms_gui2\cppclr_winforms_gui2\x64\debug\cppclr_w.cf195b2a.tlog\cl.command.1.tlog
c:\users\lenovo\desktop\project\ticket-reservation-system\cppclr_winforms_gui2\cppclr_winforms_gui2\x64\debug\cppclr_w.cf195b2a.tlog\cl.items.tlog
c:\users\lenovo\desktop\project\ticket-reservation-system\cppclr_winforms_gui2\cppclr_winforms_gui2\x64\debug\cppclr_w.cf195b2a.tlog\cl.read.1.tlog
c:\users\lenovo\desktop\project\ticket-reservation-system\cppclr_winforms_gui2\cppclr_winforms_gui2\x64\debug\cppclr_w.cf195b2a.tlog\cl.write.1.tlog
c:\users\lenovo\desktop\project\ticket-reservation-system\cppclr_winforms_gui2\cppclr_winforms_gui2\x64\debug\cppclr_w.cf195b2a.tlog\link.command.1.tlog
c:\users\lenovo\desktop\project\ticket-reservation-system\cppclr_winforms_gui2\cppclr_winforms_gui2\x64\debug\cppclr_w.cf195b2a.tlog\link.read.1.tlog
c:\users\lenovo\desktop\project\ticket-reservation-system\cppclr_winforms_gui2\cppclr_winforms_gui2\x64\debug\cppclr_w.cf195b2a.tlog\link.secondary.1.tlog
c:\users\lenovo\desktop\project\ticket-reservation-system\cppclr_winforms_gui2\cppclr_winforms_gui2\x64\debug\cppclr_w.cf195b2a.tlog\link.write.1.tlog
c:\users\lenovo\desktop\project\ticket-reservation-system\cppclr_winforms_gui2\cppclr_winforms_gui2\x64\debug\cppclr_w.cf195b2a.tlog\metagen.read.1.tlog
c:\users\lenovo\desktop\project\ticket-reservation-system\cppclr_winforms_gui2\cppclr_winforms_gui2\x64\debug\cppclr_w.cf195b2a.tlog\metagen.write.1.tlog
c:\users\lenovo\desktop\project\ticket-reservation-system\cppclr_winforms_gui2\cppclr_winforms_gui2\x64\debug\cppclr_w.cf195b2a.tlog\rc.command.1.tlog
c:\users\lenovo\desktop\project\ticket-reservation-system\cppclr_winforms_gui2\cppclr_winforms_gui2\x64\debug\cppclr_w.cf195b2a.tlog\rc.read.1.tlog
c:\users\lenovo\desktop\project\ticket-reservation-system\cppclr_winforms_gui2\cppclr_winforms_gui2\x64\debug\cppclr_w.cf195b2a.tlog\rc.write.1.tlog
c:\users\lenovo\desktop\project\ticket-reservation-system\cppclr_winforms_gui2\cppclr_winforms_gui2\x64\debug\cppclr_w.cf195b2a.tlog\resgen.command.1.tlog
c:\users\lenovo\desktop\project\ticket-reservation-system\cppclr_winforms_gui2\cppclr_winforms_gui2\x64\debug\cppclr_w.cf195b2a.tlog\resgen.read.1.tlog
c:\users\lenovo\desktop\project\ticket-reservation-system\cppclr_winforms_gui2\cppclr_winforms_gui2\x64\debug\cppclr_w.cf195b2a.tlog\resgen.write.1.tlog
